{"C:\\Users\\nibase\\Documents\\Node\\todolist\\index.js":{"path":"C:\\Users\\nibase\\Documents\\Node\\todolist\\index.js","s":{"1":1,"2":1,"3":1,"4":1,"5":1,"6":1,"7":1,"8":1,"9":1,"10":1,"11":0,"12":1,"13":1,"14":1},"b":{},"f":{"1":0},"fnMap":{"1":{"name":"(anonymous_1)","line":21,"loc":{"start":{"line":21,"column":8},"end":{"line":21,"column":26}}}},"statementMap":{"1":{"start":{"line":1,"column":0},"end":{"line":7,"column":36}},"2":{"start":{"line":9,"column":0},"end":{"line":9,"column":23}},"3":{"start":{"line":10,"column":0},"end":{"line":10,"column":25}},"4":{"start":{"line":11,"column":0},"end":{"line":11,"column":34}},"5":{"start":{"line":12,"column":0},"end":{"line":12,"column":28}},"6":{"start":{"line":14,"column":0},"end":{"line":14,"column":49}},"7":{"start":{"line":15,"column":0},"end":{"line":15,"column":27}},"8":{"start":{"line":18,"column":0},"end":{"line":18,"column":52}},"9":{"start":{"line":19,"column":0},"end":{"line":19,"column":12}},"10":{"start":{"line":21,"column":0},"end":{"line":23,"column":3}},"11":{"start":{"line":22,"column":2},"end":{"line":22,"column":61}},"12":{"start":{"line":25,"column":0},"end":{"line":25,"column":24}},"13":{"start":{"line":27,"column":0},"end":{"line":27,"column":65}},"14":{"start":{"line":29,"column":0},"end":{"line":29,"column":21}}},"branchMap":{}},"C:\\Users\\nibase\\Documents\\Node\\todolist\\api\\models\\todoListModel.js":{"path":"C:\\Users\\nibase\\Documents\\Node\\todolist\\api\\models\\todoListModel.js","s":{"1":1,"2":1,"3":1,"4":1},"b":{},"f":{},"fnMap":{},"statementMap":{"1":{"start":{"line":2,"column":0},"end":{"line":2,"column":35}},"2":{"start":{"line":3,"column":0},"end":{"line":3,"column":29}},"3":{"start":{"line":5,"column":0},"end":{"line":21,"column":3}},"4":{"start":{"line":23,"column":0},"end":{"line":23,"column":52}}},"branchMap":{}},"C:\\Users\\nibase\\Documents\\Node\\todolist\\config\\index.js":{"path":"C:\\Users\\nibase\\Documents\\Node\\todolist\\config\\index.js","s":{"1":1,"2":1,"3":1},"b":{"1":[1,0]},"f":{},"fnMap":{},"statementMap":{"1":{"start":{"line":3,"column":0},"end":{"line":3,"column":48}},"2":{"start":{"line":4,"column":0},"end":{"line":4,"column":33}},"3":{"start":{"line":6,"column":0},"end":{"line":6,"column":24}}},"branchMap":{"1":{"line":3,"type":"binary-expr","locations":[{"start":{"line":3,"column":10},"end":{"line":3,"column":30}},{"start":{"line":3,"column":34},"end":{"line":3,"column":47}}]}}},"C:\\Users\\nibase\\Documents\\Node\\todolist\\config\\test.js":{"path":"C:\\Users\\nibase\\Documents\\Node\\todolist\\config\\test.js","s":{"1":1},"b":{"1":[1,1]},"f":{},"fnMap":{},"statementMap":{"1":{"start":{"line":3,"column":0},"end":{"line":7,"column":2}}},"branchMap":{"1":{"line":6,"type":"binary-expr","locations":[{"start":{"line":6,"column":8},"end":{"line":6,"column":24}},{"start":{"line":6,"column":28},"end":{"line":6,"column":32}}]}}},"C:\\Users\\nibase\\Documents\\Node\\todolist\\api\\routes\\todoListRoutes.js":{"path":"C:\\Users\\nibase\\Documents\\Node\\todolist\\api\\routes\\todoListRoutes.js","s":{"1":1,"2":1,"3":1,"4":1},"b":{},"f":{"1":1},"fnMap":{"1":{"name":"(anonymous_1)","line":2,"loc":{"start":{"line":2,"column":16},"end":{"line":2,"column":29}}}},"statementMap":{"1":{"start":{"line":2,"column":0},"end":{"line":15,"column":2}},"2":{"start":{"line":3,"column":2},"end":{"line":3,"column":62}},"3":{"start":{"line":6,"column":2},"end":{"line":8,"column":32}},"4":{"start":{"line":10,"column":2},"end":{"line":13,"column":34}}},"branchMap":{}},"C:\\Users\\nibase\\Documents\\Node\\todolist\\api\\controllers\\todoListController.js":{"path":"C:\\Users\\nibase\\Documents\\Node\\todolist\\api\\controllers\\todoListController.js","s":{"1":1,"2":1,"3":1,"4":1,"5":0,"6":1,"7":1,"8":1,"9":1,"10":1,"11":0,"12":1,"13":1,"14":1,"15":1,"16":0,"17":1,"18":1,"19":1,"20":1,"21":0,"22":1,"23":1,"24":1,"25":1,"26":0,"27":1},"b":{"1":[0,1],"2":[0,1],"3":[0,1],"4":[0,1],"5":[0,1]},"f":{"1":1,"2":1,"3":1,"4":1,"5":1,"6":1,"7":1,"8":1,"9":1,"10":1},"fnMap":{"1":{"name":"(anonymous_1)","line":7,"loc":{"start":{"line":7,"column":25},"end":{"line":7,"column":43}}},"2":{"name":"(anonymous_2)","line":8,"loc":{"start":{"line":8,"column":16},"end":{"line":8,"column":35}}},"3":{"name":"(anonymous_3)","line":17,"loc":{"start":{"line":17,"column":24},"end":{"line":17,"column":42}}},"4":{"name":"(anonymous_4)","line":19,"loc":{"start":{"line":19,"column":16},"end":{"line":19,"column":34}}},"5":{"name":"(anonymous_5)","line":28,"loc":{"start":{"line":28,"column":22},"end":{"line":28,"column":40}}},"6":{"name":"(anonymous_6)","line":29,"loc":{"start":{"line":29,"column":35},"end":{"line":29,"column":54}}},"7":{"name":"(anonymous_7)","line":38,"loc":{"start":{"line":38,"column":23},"end":{"line":38,"column":41}}},"8":{"name":"(anonymous_8)","line":39,"loc":{"start":{"line":39,"column":71},"end":{"line":39,"column":90}}},"9":{"name":"(anonymous_9)","line":48,"loc":{"start":{"line":48,"column":24},"end":{"line":48,"column":42}}},"10":{"name":"(anonymous_10)","line":49,"loc":{"start":{"line":49,"column":39},"end":{"line":49,"column":58}}}},"statementMap":{"1":{"start":{"line":3,"column":0},"end":{"line":4,"column":30}},"2":{"start":{"line":7,"column":0},"end":{"line":14,"column":2}},"3":{"start":{"line":8,"column":2},"end":{"line":13,"column":5}},"4":{"start":{"line":9,"column":4},"end":{"line":11,"column":5}},"5":{"start":{"line":10,"column":6},"end":{"line":10,"column":20}},"6":{"start":{"line":12,"column":4},"end":{"line":12,"column":19}},"7":{"start":{"line":17,"column":0},"end":{"line":25,"column":2}},"8":{"start":{"line":18,"column":2},"end":{"line":18,"column":36}},"9":{"start":{"line":19,"column":2},"end":{"line":24,"column":5}},"10":{"start":{"line":20,"column":4},"end":{"line":22,"column":5}},"11":{"start":{"line":21,"column":6},"end":{"line":21,"column":20}},"12":{"start":{"line":23,"column":4},"end":{"line":23,"column":19}},"13":{"start":{"line":28,"column":0},"end":{"line":35,"column":2}},"14":{"start":{"line":29,"column":2},"end":{"line":34,"column":5}},"15":{"start":{"line":30,"column":4},"end":{"line":32,"column":5}},"16":{"start":{"line":31,"column":6},"end":{"line":31,"column":20}},"17":{"start":{"line":33,"column":4},"end":{"line":33,"column":19}},"18":{"start":{"line":38,"column":0},"end":{"line":45,"column":2}},"19":{"start":{"line":39,"column":2},"end":{"line":44,"column":5}},"20":{"start":{"line":40,"column":4},"end":{"line":42,"column":5}},"21":{"start":{"line":41,"column":6},"end":{"line":41,"column":20}},"22":{"start":{"line":43,"column":4},"end":{"line":43,"column":19}},"23":{"start":{"line":48,"column":0},"end":{"line":55,"column":2}},"24":{"start":{"line":49,"column":2},"end":{"line":54,"column":5}},"25":{"start":{"line":50,"column":4},"end":{"line":52,"column":5}},"26":{"start":{"line":51,"column":6},"end":{"line":51,"column":20}},"27":{"start":{"line":53,"column":4},"end":{"line":53,"column":55}}},"branchMap":{"1":{"line":9,"type":"if","locations":[{"start":{"line":9,"column":4},"end":{"line":9,"column":4}},{"start":{"line":9,"column":4},"end":{"line":9,"column":4}}]},"2":{"line":20,"type":"if","locations":[{"start":{"line":20,"column":4},"end":{"line":20,"column":4}},{"start":{"line":20,"column":4},"end":{"line":20,"column":4}}]},"3":{"line":30,"type":"if","locations":[{"start":{"line":30,"column":4},"end":{"line":30,"column":4}},{"start":{"line":30,"column":4},"end":{"line":30,"column":4}}]},"4":{"line":40,"type":"if","locations":[{"start":{"line":40,"column":4},"end":{"line":40,"column":4}},{"start":{"line":40,"column":4},"end":{"line":40,"column":4}}]},"5":{"line":50,"type":"if","locations":[{"start":{"line":50,"column":4},"end":{"line":50,"column":4}},{"start":{"line":50,"column":4},"end":{"line":50,"column":4}}]}}}}