TN:
SF:C:\Users\nibase\Documents\Node\todolist\index.js
FN:21,(anonymous_1)
FNF:1
FNH:0
FNDA:0,(anonymous_1)
DA:1,1
DA:9,1
DA:10,1
DA:11,1
DA:12,1
DA:14,1
DA:15,1
DA:18,1
DA:19,1
DA:21,1
DA:22,0
DA:25,1
DA:27,1
DA:29,1
LF:14
LH:13
BRF:0
BRH:0
end_of_record
TN:
SF:C:\Users\nibase\Documents\Node\todolist\api\models\todoListModel.js
FNF:0
FNH:0
DA:2,1
DA:3,1
DA:5,1
DA:23,1
LF:4
LH:4
BRF:0
BRH:0
end_of_record
TN:
SF:C:\Users\nibase\Documents\Node\todolist\config\index.js
FNF:0
FNH:0
DA:3,1
DA:4,1
DA:6,1
LF:3
LH:3
BRDA:3,1,0,1
BRDA:3,1,1,0
BRF:2
BRH:1
end_of_record
TN:
SF:C:\Users\nibase\Documents\Node\todolist\config\test.js
FNF:0
FNH:0
DA:3,1
LF:1
LH:1
BRDA:6,1,0,1
BRDA:6,1,1,1
BRF:2
BRH:2
end_of_record
TN:
SF:C:\Users\nibase\Documents\Node\todolist\api\routes\todoListRoutes.js
FN:2,(anonymous_1)
FNF:1
FNH:1
FNDA:1,(anonymous_1)
DA:2,1
DA:3,1
DA:6,1
DA:10,1
LF:4
LH:4
BRF:0
BRH:0
end_of_record
TN:
SF:C:\Users\nibase\Documents\Node\todolist\api\controllers\todoListController.js
FN:7,(anonymous_1)
FN:8,(anonymous_2)
FN:17,(anonymous_3)
FN:19,(anonymous_4)
FN:28,(anonymous_5)
FN:29,(anonymous_6)
FN:38,(anonymous_7)
FN:39,(anonymous_8)
FN:48,(anonymous_9)
FN:49,(anonymous_10)
FNF:10
FNH:10
FNDA:1,(anonymous_1)
FNDA:1,(anonymous_2)
FNDA:1,(anonymous_3)
FNDA:1,(anonymous_4)
FNDA:1,(anonymous_5)
FNDA:1,(anonymous_6)
FNDA:1,(anonymous_7)
FNDA:1,(anonymous_8)
FNDA:1,(anonymous_9)
FNDA:1,(anonymous_10)
DA:3,1
DA:7,1
DA:8,1
DA:9,1
DA:10,0
DA:12,1
DA:17,1
DA:18,1
DA:19,1
DA:20,1
DA:21,0
DA:23,1
DA:28,1
DA:29,1
DA:30,1
DA:31,0
DA:33,1
DA:38,1
DA:39,1
DA:40,1
DA:41,0
DA:43,1
DA:48,1
DA:49,1
DA:50,1
DA:51,0
DA:53,1
LF:27
LH:22
BRDA:9,1,0,0
BRDA:9,1,1,1
BRDA:20,2,0,0
BRDA:20,2,1,1
BRDA:30,3,0,0
BRDA:30,3,1,1
BRDA:40,4,0,0
BRDA:40,4,1,1
BRDA:50,5,0,0
BRDA:50,5,1,1
BRF:10
BRH:5
end_of_record
